BogdanWDK l-a facut pe Formidable Admin level 8
BogdanWDK l-a facut pe Formidable Admin level 8
BogdanWDK[0] se teleporteaza la Formidable[1]
BogdanWDK[0] se teleporteaza la Formidable[1]
Formidable[1] a cret vehiculul Police Car (LSPD) (Model:596){00FF00}[ID:538]
Formidable[1] a cret vehiculul Police Car (LSPD) (Model:596){00FF00}[ID:538]
BogdanWDK l-a facut pe BogdanWDK Lider la Factionuea 0
BogdanWDK l-a facut pe BogdanWDK Lider la Factionuea 0
[ADMIN]: Formidable se teleporteaza in LS.
[ADMIN]: Formidable se teleporteaza in LS.
[ADMIN]: Formidable se teleporteaza in LS.
[ADMIN]: Formidable se teleporteaza in LS.
[ADMIN]: Formidable se teleporteaza in LS.
[ADMIN]: Formidable se teleporteaza in LS.
[ADMIN]: Formidable se teleporteaza in LS.
[ADMIN]: Formidable se teleporteaza in LS.
[INFO]: BogdanWDK(0) A murit Intr-un accident
[INFO]: BogdanWDK(0) A murit Intr-un accident
[ADMIN]: Formidable se teleporteaza in LS.
[ADMIN]: Formidable se teleporteaza in LS.
BogdanWDK[0] se teleporteaza la Formidable[1]
BogdanWDK[0] se teleporteaza la Formidable[1]
BogdanWDK[0] se teleporteaza la Formidable[1]
BogdanWDK[0] se teleporteaza la Formidable[1]
BogdanWDK[0] a cret vehiculul Infernus (Model:411){00FF00}[ID:538]
BogdanWDK[0] a cret vehiculul Infernus (Model:411){00FF00}[ID:538]
Formidable[1] a cret vehiculul Police Ranger (Model:599){00FF00}[ID:539]
Formidable[1] a cret vehiculul Police Ranger (Model:599){00FF00}[ID:539]
[ADMIN]: BogdanWDK se teleporteaza in LS.
BogdanWDK[0] a cret vehiculul Infernus (Model:411){00FF00}[ID:538]
Formidable[1] se teleporteaza la BogdanWDK[0]
Formidable[1] se teleporteaza la BogdanWDK[0]
Formidable[1] se teleporteaza la BogdanWDK[0]
Formidable[1] se teleporteaza la BogdanWDK[0]
Formidable[1] il teleporteaza pe BogdanWDK[0] la el
Formidable[1] il teleporteaza pe BogdanWDK[0] la el
[ADMIN]: BogdanWDK se teleporteaza in LS.
[ADMIN]: BogdanWDK se teleporteaza in LS.
BogdanWDK[0] a cret vehiculul Infernus (Model:411){00FF00}[ID:538]
BogdanWDK[0] a cret vehiculul Infernus (Model:411){00FF00}[ID:538]
BogdanWDK l-a facut pe Formidable Lider la Factionuea 7
BogdanWDK l-a facut pe Formidable Lider la Factionuea 7
BogdanWDK l-a facut pe BogdanWDK Lider la Factionuea 7
BogdanWDK l-a facut pe BogdanWDK Lider la Factionuea 7
BogdanWDK l-a facut pe BogdanWDK Lider la Factionuea 10
BogdanWDK l-a facut pe BogdanWDK Lider la Factionuea 10
BogdanWDK l-a facut pe BogdanWDK Lider la Factionuea 0
BogdanWDK l-a facut pe BogdanWDK Lider la Factionuea 0
Formidable l-a facut pe Formidable Lider la Factionuea 1
Formidable l-a facut pe Formidable Lider la Factionuea 1
[ADMIN]: Formidable se teleporteaza in LS.
[ADMIN]: Formidable se teleporteaza in LS.
[ADMIN]: BogdanWDK se teleporteaza in LS.
[ADMIN]: BogdanWDK se teleporteaza in LS.
BogdanWDK[0] a cret vehiculul Infernus (Model:411){00FF00}[ID:538]
BogdanWDK[0] a cret vehiculul Infernus (Model:411){00FF00}[ID:538]
[ADMIN]: Formidable se teleporteaza in LS.
[ADMIN]: Formidable se teleporteaza in LS.
[ADMIN]: Formidable se teleporteaza in LS.
[ADMIN]: Formidable se teleporteaza in LS.
[ADMIN]: Formidable se teleporteaza in LS.
[ADMIN]: Formidable se teleporteaza in LS.
[INFO]: BogdanWDK(0) A fost omorat de Formidable(1) - cu Mini Gun
[INFO]: BogdanWDK(0) A fost omorat de Formidable(1) - cu Mini Gun
BogdanWDK[0] a cret vehiculul Infernus (Model:411){00FF00}[ID:539]
BogdanWDK[0] a cret vehiculul Infernus (Model:411){00FF00}[ID:539]
[INFO]: BogdanWDK(0) A fost omorat de Formidable(1) - cu Mini Gun
[INFO]: BogdanWDK(0) A fost omorat de Formidable(1) - cu Mini Gun
BogdanWDK[0] a cret vehiculul Voodoo (Model:412){00FF00}[ID:540]
BogdanWDK[0] a cret vehiculul Voodoo (Model:412){00FF00}[ID:540]
BogdanWDK[0] a cret vehiculul Flatbed (Model:455){00FF00}[ID:541]
BogdanWDK[0] a cret vehiculul Flatbed (Model:455){00FF00}[ID:541]
BogdanWDK[0] a cret vehiculul Yankee (Model:456){00FF00}[ID:542]
BogdanWDK[0] a cret vehiculul Yankee (Model:456){00FF00}[ID:542]
BogdanWDK[0] a cret vehiculul Greenwook (Model:492){00FF00}[ID:543]
BogdanWDK[0] a cret vehiculul Greenwook (Model:492){00FF00}[ID:543]
BogdanWDK[0] a cret vehiculul Infernus (Model:411){00FF00}[ID:544]
BogdanWDK[0] a cret vehiculul Infernus (Model:411){00FF00}[ID:544]
BogdanWDK[0] a cret vehiculul Infernus (Model:411){00FF00}[ID:545]
BogdanWDK[0] a cret vehiculul Infernus (Model:411){00FF00}[ID:545]
BogdanWDK[0] a cret vehiculul Infernus (Model:411){00FF00}[ID:546]
BogdanWDK[0] a cret vehiculul Infernus (Model:411){00FF00}[ID:547]
BogdanWDK[0] a cret vehiculul Infernus (Model:411){00FF00}[ID:547]
BogdanWDK[0] a cret vehiculul Infernus (Model:411){00FF00}[ID:548]
BogdanWDK[0] a cret vehiculul Infernus (Model:411){00FF00}[ID:548]
*8-Admin Formidable: pe asta
*8-Admin Formidable: pe asta
*8-Admin Formidable: /a
*8-Admin Formidable: /a
*9-Admin BogdanWDK: te
*9-Admin BogdanWDK: te
Formidable[1] se teleporteaza la BogdanWDK[0]
Formidable[1] se teleporteaza la BogdanWDK[0]
Formidable[1] se teleporteaza la BogdanWDK[0]
Formidable[1] se teleporteaza la BogdanWDK[0]
BogdanWDK[0] se teleporteaza la Formidable[1]
BogdanWDK[0] se teleporteaza la Formidable[1]
Formidable[1] il teleporteaza pe BogdanWDK[0] la el
Formidable[1] il teleporteaza pe BogdanWDK[0] la el
BogdanWDK[0] a cret vehiculul Infernus (Model:411){00FF00}[ID:549]
BogdanWDK[0] a cret vehiculul Infernus (Model:411){00FF00}[ID:549]
Formidable sta spectator pe BogdanWDK
Formidable sta spectator pe BogdanWDK
Formidable[1] se teleporteaza la BogdanWDK[0]
Formidable[1] se teleporteaza la BogdanWDK[0]
Formidable[1] se teleporteaza la BogdanWDK[0]
Formidable[1] se teleporteaza la BogdanWDK[0]
Formidable[1] i-a dat slap lui Formidable[1]
Formidable[1] i-a dat slap lui Formidable[1]
BogdanWDK[0] a cret vehiculul Infernus (Model:411){00FF00}[ID:550]
BogdanWDK[0] a cret vehiculul Infernus (Model:411){00FF00}[ID:550]
Formidable[1] a cret vehiculul Infernus (Model:411){00FF00}[ID:551]
Formidable[1] a cret vehiculul Infernus (Model:411){00FF00}[ID:551]
[ADMIN]: BogdanWDK se teleporteaza in LS.
[ADMIN]: BogdanWDK se teleporteaza in SF.
Formidable[1] se teleporteaza la BogdanWDK[0]
Formidable[1] se teleporteaza la BogdanWDK[0]
Formidable[1] se teleporteaza la BogdanWDK[0]
Formidable[1] se teleporteaza la BogdanWDK[0]
Formidable[1] se teleporteaza la BogdanWDK[0]
Formidable[1] se teleporteaza la BogdanWDK[0]
[ADMIN]: Formidable se teleporteaza in SF.
[ADMIN]: Formidable se teleporteaza in SF.
Formidable[1] a cret vehiculul Infernus (Model:411){00FF00}[ID:552]
Formidable[1] a cret vehiculul Infernus (Model:411){00FF00}[ID:552]
[ADMIN]: Formidable se teleporteaza in LS.
[ADMIN]: Formidable se teleporteaza in LS.
[ADMIN]: Formidable se teleporteaza in LS.
[ADMIN]: Formidable se teleporteaza in LS.
[ADMIN]: Formidable se teleporteaza in SF.
[ADMIN]: Formidable se teleporteaza in SF.
[ADMIN]: Formidable se teleporteaza in LV.
[ADMIN]: Formidable se teleporteaza in LV.
[INFO]: Formidable(1) A murit Intr-un accident
[INFO]: Formidable(1) A murit Intr-un accident
[ADMIN]: Formidable se teleporteaza in LS.
[ADMIN]: Formidable se teleporteaza in LS.
[ADMIN]: Formidable i-a dat freeze lui BogdanWDK
[ADMIN]: Formidable i-a dat freeze lui BogdanWDK
Formidable[1] o folosit setarmour pe BogdanWDK[0] ARMOUR: 900
Formidable[1] o folosit setarmour pe BogdanWDK[0] ARMOUR: 900
Formidable[1] o folosit setarmour pe Formidable[1] ARMOUR: 900
Formidable[1] o folosit setarmour pe Formidable[1] ARMOUR: 900
*HA Formidable: servus
*HA Formidable: servus
*HA Formidable: servus
*HA Formidable: servus
Formidable l-a facut pe Formidable VIP level 9
Formidable l-a facut pe Formidable VIP level 9
Formidable l-a facut pe Formidable VIP level 6
Formidable l-a facut pe Formidable VIP level 6
Formidable l-a facut pe Formidable VIP level 0
Formidable l-a facut pe Formidable VIP level 0
Formidable[1] se teleporteaza la BogdanWDK[0]
Formidable[1] se teleporteaza la BogdanWDK[0]
BogdanWDK l-a facut pe BogdanWDK Admin level 0
Formidable[0] a cret vehiculul Infernus (Model:411){00FF00}[ID:538]
[ADMIN]: Formidable se teleporteaza in LS.
[INFO]: Formidable(0) A murit Intr-un accident
