|______ SALARIU BogdanWDK ______|
»  Salariu: $2,000,000  Chirie: -$500
»  Banca: $1,009,999,999 Taxa: $1,009,999
»  Dobanda Bancara: 0.05 (Maxim $ 2.000.000)
»  Dobanda: $2,000,000
»  Factura E.: $0 -0 Chiriasi
»  Balanta Noua: $1,013,999,499
|_____________________|
[10/07/2016] 18:0:1-

|______ SALARIU Formidable ______|
»  Salariu: $8,090  Chirie: -$500
»  Banca: $121,362 Taxa: $121
»  Dobanda Bancara: 0.05 (Maxim $ 2.000.000)
»  Dobanda: $8,090
»  Factura E.: $100 -0 Chiriasi
»  Teritorii Detinute: 1 Bani primiti: 3000
»  Balanta Noua: $137,042
|_____________________|
[10/07/2016] 18:0:1-

|______ SALARIU BogdanWDK ______|
»  Salariu: $2,000,000  Chirie: -$500
»  Banca: $1,011,999,999 Taxa: $1,011,999
»  Dobanda Bancara: 0.05 (Maxim $ 2.000.000)
»  Dobanda: $2,000,000
»  Factura E.: $0 -0 Chiriasi
»  Balanta Noua: $1,015,999,499
|_____________________|
[10/07/2016] 18:58:54-

|______ SALARIU Formidable ______|
»  Salariu: $8,630  Chirie: -$500
»  Banca: $129,452 Taxa: $129
»  Dobanda Bancara: 0.05 (Maxim $ 2.000.000)
»  Dobanda: $8,630
»  Factura E.: $100 -0 Chiriasi
»  Teritorii Detinute: 1 Bani primiti: 3000
»  Balanta Noua: $146,212
|_____________________|
[10/07/2016] 18:58:54-

BogdanWDK nu a jucat suficient

|______ SALARIU BogdanWDK ______|
»  Salariu: $2,000,000  Chirie: -$500
»  Banca: $1,015,999,499 Taxa: $1,015,999
»  Dobanda Bancara: 0.05 (Maxim $ 2.000.000)
»  Dobanda: $2,000,000
»  Factura E.: $0 -0 Chiriasi
»  Balanta Noua: $1,019,998,999
|_____________________|
[10/07/2016] 20:0:25-

|______ SALARIU BogdanWDK ______|
»  Salariu: $2,000,000  Chirie: -$500
»  Banca: $1,017,999,499 Taxa: $1,017,999
»  Dobanda Bancara: 0.05 (Maxim $ 2.000.000)
»  Dobanda: $2,000,000
»  Factura E.: $0 -0 Chiriasi
»  Balanta Noua: $1,021,998,999
|_____________________|
[11/07/2016] 2:0:5-

